Geneid	2_alignedData/bam/5_non_mutant_Q96_K97del_24mth_23_04_2014_S2_fem_Aligned.sortedByCoord.out.bam	2_alignedData/bam/2_non_mutant_Q96_K97del_6mth_10_03_2016_S2_fem_Aligned.sortedByCoord.out.bam	2_alignedData/bam/3_non_mutant_Q96_K97del_6mth_10_03_2016_S3_fem_Aligned.sortedByCoord.out.bam	2_alignedData/bam/4_non_mutant_Q96_K97del_24mth_23_04_2014_S1_fem_Aligned.sortedByCoord.out.bam	2_alignedData/bam/7_non_mutant_Q96_K97del_24mth_23_04_2014_S4_fem_Aligned.sortedByCoord.out.bam	2_alignedData/bam/6_non_mutant_Q96_K97del_24mth_23_04_2014_S3_fem_Aligned.sortedByCoord.out.bam	2_alignedData/bam/1_non_mutant_Q96_K97del_6mth_10_03_2016_S1_fem_Aligned.sortedByCoord.out.bam
ENSDARG00000100145	449	628	537	349	468	354	983
ENSDARG00000063518	3	6	8	0	7	9	3
ENSDARG00000040045	1	1	5	4	5	7	2
ENSDARG00000100159	0	0	0	0	0	0	0
ENSDARG00000100031	60	132	122	34	50	50	115
ENSDARG00000038667	19	36	22	14	15	27	28
ENSDARG00000008333	1	1	0	0	2	0	1
ENSDARG00000038666	2	2	2	3	0	2	4
ENSDARG00000088634	282	393	274	128	243	256	439
ENSDARG00000015482	121	205	231	122	141	164	256
ENSDARG00000101562	524	1001	1288	469	489	673	1056
ENSDARG00000099331	127	234	289	148	129	172	226
ENSDARG00000101134	127	231	277	119	89	132	208
ENSDARG00000038271	18	24	20	16	8	18	14
ENSDARG00000077839	160	297	308	116	146	137	286
ENSDARG00000110206	73	111	107	70	79	83	89
ENSDARG00000078694	445	848	957	468	559	511	1663
ENSDARG00000040683	2	4	4	1	1	0	2
ENSDARG00000097928	34	58	56	34	35	49	124
ENSDARG00000089940	213	386	446	183	204	263	391
ENSDARG00000074146	74	181	166	93	64	119	152
ENSDARG00000097884	97	158	190	75	86	105	171
ENSDARG00000097244	510	906	1115	486	515	650	934
ENSDARG00000097762	0	0	0	0	0	2	0
ENSDARG00000097118	0	0	0	0	0	0	0
ENSDARG00000087516	0	0	0	0	0	0	0
ENSDARG00000076995	837	1266	1547	745	840	987	1339
ENSDARG00000087839	152	317	333	110	133	203	301
ENSDARG00000097391	5	14	19	5	4	9	7
ENSDARG00000005218	76	176	186	72	57	89	202
ENSDARG00000091260	9	32	36	12	14	14	28
ENSDARG00000116573	0	0	0	0	0	0	0
ENSDARG00000091481	145	127	186	137	153	171	219
ENSDARG00000039852	8	27	14	4	15	17	15
ENSDARG00000017195	15	14	20	23	8	25	16
ENSDARG00000030896	1	1	0	2	4	12	0
ENSDARG00000098888	0	0	0	0	0	0	0
ENSDARG00000006560	20	26	43	16	52	34	30
ENSDARG00000039850	30	43	40	20	30	33	54
ENSDARG00000006677	22	46	46	22	45	51	65
ENSDARG00000098661	29	74	75	39	49	58	63
ENSDARG00000008906	92	126	144	76	88	127	155
ENSDARG00000022615	29	20	20	26	9	33	27
ENSDARG00000094367	2	0	2	3	2	3	9
ENSDARG00000097519	2	3	0	0	2	2	2
ENSDARG00000095614	1005	1014	1298	629	994	886	2077
ENSDARG00000076509	214	353	419	200	229	304	316
ENSDARG00000045137	1	3	1	2	0	0	3
ENSDARG00000053746	15	18	29	11	7	22	19
ENSDARG00000089705	67	203	233	73	57	83	187
ENSDARG00000116769	0	2	0	0	0	0	3
ENSDARG00000002970	883	1260	1459	749	900	1004	1406
ENSDARG00000007480	505	98	172	18	526	689	127
ENSDARG00000074571	236	494	495	219	202	274	384
ENSDARG00000077288	7	2	8	7	8	7	8
ENSDARG00000039517	38	23	54	47	53	63	42
ENSDARG00000039516	1	2	1	1	1	1	5
ENSDARG00000003290	280	455	494	267	336	336	565
ENSDARG00000103465	0	0	0	0	0	0	0
ENSDARG00000059125	2003	3770	3918	1886	1960	2352	2751
ENSDARG00000111712	7	23	11	7	8	11	26
ENSDARG00000075899	105	205	235	88	111	130	315
ENSDARG00000103432	128	209	254	107	100	155	188
ENSDARG00000077130	19	28	24	19	27	25	27
ENSDARG00000078363	6	5	9	5	4	7	4
ENSDARG00000039521	132	153	215	121	101	172	242
ENSDARG00000039522	2412	5168	5510	2124	1992	2479	4865
ENSDARG00000078856	387	479	528	298	371	443	873
ENSDARG00000022309	294	468	499	195	296	424	449
ENSDARG00000022303	1096	2160	1758	1068	987	1166	1038
ENSDARG00000095840	0	0	1	0	0	0	0
ENSDARG00000063451	18	20	9	15	27	28	27
ENSDARG00000069423	42	47	87	31	31	46	63
ENSDARG00000020957	14	28	18	14	17	13	27
ENSDARG00000082599	0	0	0	0	0	0	0
ENSDARG00000042245	0	9	6	2	2	8	4
ENSDARG00000103704	2	8	15	2	4	10	5
ENSDARG00000062377	27	50	65	27	30	35	75
ENSDARG00000114019	28	85	77	20	41	21	64
ENSDARG00000087421	640	948	937	484	606	719	948
ENSDARG00000023713	293	545	622	339	317	390	543
ENSDARG00000091027	0	2	0	0	1	1	0
ENSDARG00000088246	285	525	525	251	240	359	469
ENSDARG00000025889	426	948	966	393	355	503	696
ENSDARG00000058993	807	1466	1734	737	808	944	1690
ENSDARG00000074995	361	726	815	344	363	466	645
ENSDARG00000099937	2	0	1	1	2	0	1
ENSDARG00000101799	1	9	10	9	7	1	11
ENSDARG00000103038	415	1361	420	258	331	268	988
ENSDARG00000075339	132	125	136	117	113	126	173
ENSDARG00000030340	768	1437	1427	644	757	944	1157
ENSDARG00000004525	159	207	195	143	155	186	179
ENSDARG00000009484	328	678	718	284	327	425	587
ENSDARG00000058822	15	29	34	14	21	20	52
ENSDARG00000106350	0	0	0	0	0	0	0
ENSDARG00000098593	0	0	0	0	0	0	0
ENSDARG00000063437	7	17	9	7	11	6	11
ENSDARG00000063445	535	735	892	500	490	675	827
ENSDARG00000058995	152	284	329	136	167	185	229
ENSDARG00000096972	49	112	111	49	98	88	90
ENSDARG00000063446	139	293	279	142	164	203	273
ENSDARG00000086314	29	39	54	26	25	33	55
ENSDARG00000053068	0	1	0	0	0	2	1
ENSDARG00000097556	12	13	7	3	14	8	4
ENSDARG00000097559	0	9	4	3	4	4	4
ENSDARG00000073896	219	503	508	310	298	325	538
ENSDARG00000076223	629	953	1082	536	545	832	855
ENSDARG00000079730	25	80	67	25	27	31	60
ENSDARG00000019541	1462	3127	3721	1916	1779	1666	3583
ENSDARG00000036483	422	305	221	100	287	455	219
ENSDARG00000063375	82	67	93	69	41	85	142
ENSDARG00000058876	505	773	893	403	503	579	1087
ENSDARG00000013847	204	425	474	209	271	239	514
ENSDARG00000017180	680	1052	1439	606	726	801	1568
ENSDARG00000025168	1	0	0	0	0	2	1
ENSDARG00000114182	15	24	40	11	15	14	23
ENSDARG00000098344	367	744	683	392	468	549	628
ENSDARG00000104401	716	1572	1930	662	668	851	1646
ENSDARG00000102184	995	2138	2555	891	1150	1147	2522
ENSDARG00000104548	0	0	0	0	0	0	0
ENSDARG00000103352	0	0	0	0	0	0	0
ENSDARG00000103589	2	1	1	2	1	9	1
ENSDARG00000099604	0	1	3	1	0	1	7
ENSDARG00000099395	114	167	241	118	119	128	268
ENSDARG00000099015	62	92	120	61	71	79	95
ENSDARG00000099677	24	15	22	18	17	25	27
ENSDARG00000100086	1	0	3	0	1	3	2
ENSDARG00000105103	0	0	0	0	0	0	0
ENSDARG00000103674	15	27	15	9	7	11	20
ENSDARG00000104409	156	342	375	144	205	200	427
ENSDARG00000100687	0	0	0	0	0	0	0
ENSDARG00000101322	140	345	454	132	107	128	434
ENSDARG00000104726	170	362	554	169	171	218	370
ENSDARG00000102216	2384	3824	4309	2119	2375	2814	3955
ENSDARG00000101766	0	0	0	0	0	0	0
ENSDARG00000045297	615	1103	1084	562	560	717	863
ENSDARG00000074403	97	157	215	113	102	91	171
ENSDARG00000019278	120	237	209	101	121	116	303
ENSDARG00000011884	41	38	72	29	31	47	54
ENSDARG00000055498	87	129	157	87	81	102	144
ENSDARG00000078598	17	18	22	8	14	20	24
ENSDARG00000070284	186	296	334	170	152	242	279
ENSDARG00000018272	534	784	929	432	518	545	895
ENSDARG00000059695	33	44	64	46	33	43	37
ENSDARG00000038258	2	1	2	2	4	0	0
ENSDARG00000093079	1	0	0	0	0	1	0
ENSDARG00000012610	412	4	7	6	436	830	39
ENSDARG00000016081	2	2	1	1	3	1	0
ENSDARG00000075181	0	0	3	1	0	2	0
ENSDARG00000039310	98	186	242	125	108	169	176
ENSDARG00000077690	715	1067	1241	647	608	818	1210
ENSDARG00000027957	765	1239	1409	711	635	841	1315
ENSDARG00000003382	323	367	512	266	342	375	425
ENSDARG00000014190	0	0	0	0	1	0	0
ENSDARG00000097241	1	0	0	0	0	0	0
ENSDARG00000093357	75	300	228	81	121	98	597
ENSDARG00000027986	31	60	45	26	23	28	50
ENSDARG00000001447	196	246	348	185	198	222	290
ENSDARG00000097093	12	5	34	12	13	15	14
ENSDARG00000033259	794	1303	1651	718	806	1034	1541
ENSDARG00000056478	397	993	974	348	397	468	1121
ENSDARG00000096809	5	6	8	3	5	2	6
ENSDARG00000075980	157	404	442	237	209	212	444
ENSDARG00000034940	7	6	13	3	15	15	14
ENSDARG00000012194	213	599	558	214	293	280	655
ENSDARG00000063341	99	238	261	93	124	166	261
ENSDARG00000022213	141	252	319	113	150	189	261
ENSDARG00000037061	193	241	338	156	186	201	310
ENSDARG00000037056	7	1	6	3	3	3	3
ENSDARG00000058734	368	521	630	390	392	442	527
ENSDARG00000022810	483	635	695	460	439	585	679
ENSDARG00000076996	64	83	111	57	62	72	96
ENSDARG00000096791	466	598	688	354	428	561	621
ENSDARG00000078329	0	2	2	0	1	0	6
ENSDARG00000039830	127	207	227	145	155	197	246
ENSDARG00000039828	18	33	29	17	16	13	42
ENSDARG00000063223	14	8	17	9	18	14	32
ENSDARG00000063218	1285	2319	2729	1185	1363	1463	2959
ENSDARG00000001771	3	0	4	2	7	3	4
ENSDARG00000058719	186	233	239	148	126	191	191
ENSDARG00000111883	0	0	0	0	0	0	0
ENSDARG00000017653	21	33	36	35	70	68	24
ENSDARG00000089077	1	0	0	0	0	0	0
ENSDARG00000036106	85	100	158	85	120	128	142
ENSDARG00000075352	236	298	372	195	218	252	384
ENSDARG00000115680	0	0	0	0	0	0	0
ENSDARG00000096763	0	0	0	0	0	0	0
ENSDARG00000017860	82	105	107	95	109	136	125
ENSDARG00000115307	0	0	0	0	0	0	0
ENSDARG00000058701	316	533	697	276	332	317	949
ENSDARG00000096713	81	169	172	53	54	67	265
ENSDARG00000058695	19	21	11	21	17	29	18
ENSDARG00000029671	614	1425	1707	594	707	839	1612
ENSDARG00000013858	16	14	19	5	14	6	27
ENSDARG00000091894	0	0	0	0	0	0	0
ENSDARG00000078201	18	22	53	9	15	28	20
ENSDARG00000063191	8	23	33	8	20	18	37
ENSDARG00000004167	41	163	111	33	48	47	98
ENSDARG00000063182	281	917	830	290	394	373	1578
ENSDARG00000093342	5	14	12	7	17	5	20
ENSDARG00000078299	0	1	2	0	0	0	1
ENSDARG00000069342	247	644	714	163	246	235	734
ENSDARG00000093159	91	110	134	74	64	73	188
ENSDARG00000095549	3	2	1	2	2	2	1
ENSDARG00000090623	492	578	773	307	419	480	1060
ENSDARG00000083428	0	0	0	0	0	0	0
ENSDARG00000114760	316	244	313	159	381	494	370
ENSDARG00000117612	0	1	1	0	0	0	0
ENSDARG00000104290	107	288	287	124	140	158	371
ENSDARG00000112870	22	64	51	20	30	30	91
ENSDARG00000114516	5	2	11	4	7	10	3
ENSDARG00000100981	60	778	124	102	84	64	541
ENSDARG00000099642	228	457	454	207	190	253	363
ENSDARG00000016477	839	2127	2438	812	823	1214	2136
ENSDARG00000082639	0	0	0	0	0	0	0
ENSDARG00000083056	0	0	0	0	0	0	0
ENSDARG00000083986	3	74	88	7	24	5	80
ENSDARG00000083699	201	285	326	187	230	243	233
ENSDARG00000080523	1	0	0	0	0	1	0
ENSDARG00000004396	3	3	0	2	1	3	1
ENSDARG00000008966	581	1185	1359	530	621	701	1271
ENSDARG00000006568	1	0	2	0	1	0	0
ENSDARG00000063129	1	0	0	1	0	1	0
ENSDARG00000076959	2	1	7	1	9	2	6
ENSDARG00000031548	1550	2834	3539	1466	1457	1715	3249
ENSDARG00000008450	4	2	2	1	2	1	1
ENSDARG00000039272	67	188	210	60	95	73	165
ENSDARG00000075007	781	1290	1304	680	690	956	1225
ENSDARG00000107448	0	0	0	0	0	0	0
ENSDARG00000012816	179	223	254	131	158	195	296
ENSDARG00000091887	14	12	33	21	27	37	24
ENSDARG00000058638	54	58	56	50	42	65	53
ENSDARG00000091266	0	5	2	1	0	4	4
ENSDARG00000092893	0	0	0	0	1	0	0
ENSDARG00000079075	0	0	0	0	0	1	1
ENSDARG00000029248	1923	3540	4169	1796	2039	2398	4286
ENSDARG00000020596	273	558	530	311	251	410	541
ENSDARG00000016163	1826	3740	4436	1629	1608	2192	3593
ENSDARG00000077581	316	441	515	234	351	336	699
ENSDARG00000012555	2131	3243	3024	1067	1802	2248	2747
ENSDARG00000024479	244	463	467	207	199	271	432
ENSDARG00000039220	112	213	265	123	123	125	210
ENSDARG00000058473	336	708	898	352	346	398	802
ENSDARG00000082391	0	0	0	0	0	0	0
ENSDARG00000018562	687	1227	1275	609	620	782	1121
ENSDARG00000038977	31	70	90	59	29	41	80
ENSDARG00000115192	0	0	0	0	0	0	0
ENSDARG00000038978	801	1194	1282	621	628	929	1041
ENSDARG00000009488	141	164	163	99	150	189	133
ENSDARG00000038980	540	1380	1306	500	438	601	1170
ENSDARG00000067814	2	3	3	6	3	3	1
ENSDARG00000038981	2891	3960	4367	2680	2468	3341	3895
ENSDARG00000058354	421	777	871	424	450	536	766
ENSDARG00000102166	0	0	0	0	0	1	1
ENSDARG00000015707	230	473	511	198	242	304	399
ENSDARG00000092780	24	17	13	17	13	40	10
ENSDARG00000080840	0	0	0	0	0	0	0
ENSDARG00000080499	6	7	4	5	5	10	5
ENSDARG00000011233	203	416	487	207	177	233	431
ENSDARG00000002790	2684	5577	5986	2459	2517	3042	5103
ENSDARG00000013613	296	402	785	339	279	451	464
ENSDARG00000097535	5	9	5	8	10	2	21
ENSDARG00000097892	46	129	103	27	52	42	205
ENSDARG00000062991	133	167	164	130	149	146	281
ENSDARG00000108522	0	0	0	0	0	0	0
ENSDARG00000058410	13	14	5	8	16	15	8
ENSDARG00000069280	261	282	344	214	257	289	292
ENSDARG00000029292	577	1030	1265	568	614	850	1072
ENSDARG00000111651	0	1	0	1	1	0	0
ENSDARG00000030108	166	253	315	166	189	208	237
ENSDARG00000115266	148	266	304	137	149	163	228
ENSDARG00000020981	0	1	2	2	1	5	2
ENSDARG00000063018	343	727	865	363	417	502	856
ENSDARG00000019924	584	990	876	480	512	704	912
ENSDARG00000069295	57	94	161	79	93	99	102
ENSDARG00000069294	0	0	1	0	0	3	0
ENSDARG00000069293	0	0	0	0	0	0	0
ENSDARG00000012682	5826	10507	11055	4844	4829	6482	8914
ENSDARG00000021324	67	145	135	66	79	86	109
ENSDARG00000009922	357	621	901	397	304	405	602
ENSDARG00000084853	0	0	0	0	0	0	0
ENSDARG00000043581	35	39	71	31	35	25	51
ENSDARG00000003375	149	234	298	152	160	189	255
ENSDARG00000009534	581	1034	1077	428	624	696	896
ENSDARG00000094480	0	0	0	0	0	0	1
ENSDARG00000058348	253	280	427	206	306	363	338
ENSDARG00000078822	48	100	75	41	73	72	93
ENSDARG00000098557	85	199	146	88	95	101	69
ENSDARG00000005590	149	269	252	133	178	155	318
ENSDARG00000062955	189	298	260	151	152	192	389
ENSDARG00000020197	2135	3015	3211	1761	2139	2730	2843
ENSDARG00000077666	2	4	7	3	4	3	8
ENSDARG00000020746	2	0	1	0	9	0	1
ENSDARG00000038397	101	239	269	95	91	143	240
ENSDARG00000058267	243	422	481	213	234	270	376
ENSDARG00000023584	8	12	7	4	3	5	16
ENSDARG00000062919	40	75	125	47	47	52	105
ENSDARG00000075866	1	6	7	3	3	0	4
ENSDARG00000085728	0	0	0	0	0	0	0
ENSDARG00000062916	264	531	511	234	229	327	479
ENSDARG00000058237	134	138	155	103	138	157	141
ENSDARG00000083895	0	0	0	0	0	0	0
ENSDARG00000058229	9	29	28	10	7	14	23
ENSDARG00000058218	9	15	11	8	7	15	13
ENSDARG00000097415	16	6	28	20	20	15	10
ENSDARG00000016074	376	659	731	366	319	453	632
ENSDARG00000038222	70	131	98	59	64	82	121
ENSDARG00000002330	46	118	13	13	48	45	40
ENSDARG00000017398	110	134	174	134	124	126	169
ENSDARG00000084912	0	0	0	0	0	0	0
ENSDARG00000095190	4	6	6	3	1	5	7
ENSDARG00000094331	12	15	19	38	9	12	23
ENSDARG00000016233	93	149	142	103	92	126	145
ENSDARG00000004869	837	1592	1782	838	752	1135	1398
ENSDARG00000058114	551	892	888	491	519	636	871
ENSDARG00000097447	0	0	1	2	0	0	1
ENSDARG00000039203	445	805	841	417	408	516	730
ENSDARG00000003909	0	0	4	0	1	0	0
ENSDARG00000039196	236	312	328	225	273	241	382
ENSDARG00000093083	0	0	0	0	1	0	0
ENSDARG00000018809	1936	4069	4185	2095	2419	2195	5000
ENSDARG00000089225	256	580	660	266	263	336	573
ENSDARG00000020201	558	794	976	491	626	690	773
ENSDARG00000087979	360	639	555	260	299	427	599
ENSDARG00000075812	37	30	21	28	13	7	30
ENSDARG00000079665	1346	2773	2931	1039	1324	1530	2900
ENSDARG00000106186	0	0	0	0	0	0	0
ENSDARG00000011683	170	223	249	185	216	207	213
ENSDARG00000075673	2475	4223	4568	2208	2376	2817	5934
ENSDARG00000024744	1971	3636	3722	1817	1956	2356	3503
ENSDARG00000097553	253	218	239	64	272	167	252
ENSDARG00000117820	0	0	0	0	0	1	0
ENSDARG00000075560	1425	3094	3150	1235	1660	1510	4789
ENSDARG00000114675	9	8	13	4	14	10	12
ENSDARG00000001933	8	10	15	18	17	23	8
ENSDARG00000108294	0	0	0	0	0	0	0
ENSDARG00000089109	1293	3123	3658	1400	1332	2048	3179
ENSDARG00000012021	877	1482	1850	811	825	1187	1473
ENSDARG00000069175	815	978	1225	725	766	1014	927
ENSDARG00000095837	2	5	4	0	1	0	1
ENSDARG00000003944	0	1	0	0	0	0	0
ENSDARG00000058090	55	84	66	27	52	71	63
ENSDARG00000110105	29	36	85	45	42	53	45
ENSDARG00000054980	236	280	283	184	223	249	265
ENSDARG00000054984	340	579	713	294	377	424	593
ENSDARG00000095477	2	4	8	7	6	4	4
ENSDARG00000109226	0	0	0	0	0	1	0
ENSDARG00000099519	145	483	541	165	157	181	410
ENSDARG00000098037	0	0	1	1	1	0	0
ENSDARG00000097054	1	0	0	0	1	0	0
ENSDARG00000097095	0	0	0	0	0	0	0
ENSDARG00000103545	12	14	14	7	9	13	9
ENSDARG00000101215	331	635	563	273	362	331	1029
ENSDARG00000099630	52	94	68	41	61	54	109
ENSDARG00000074233	116	209	197	119	98	132	190
ENSDARG00000092066	2	1	7	10	11	7	7
ENSDARG00000115547	264	219	382	231	222	355	240
ENSDARG00000115186	0	0	0	0	0	0	0
ENSDARG00000113972	0	0	0	0	0	0	0
ENSDARG00000082734	0	0	0	0	0	0	0
ENSDARG00000111709	0	0	0	0	0	0	0
ENSDARG00000080774	0	0	0	0	0	0	0
ENSDARG00000081431	0	0	0	0	0	0	0
ENSDARG00000085174	0	0	0	0	0	0	0
ENSDARG00000095038	1	0	1	3	1	0	0
ENSDARG00000092949	5	3	4	6	4	3	3
ENSDARG00000097463	2	4	2	1	4	1	4
ENSDARG00000092159	1	0	0	0	0	0	0
ENSDARG00000095776	2	0	0	0	1	4	0
ENSDARG00000057769	0	1	0	2	1	6	0
ENSDARG00000110384	0	0	0	0	0	0	0
ENSDARG00000028131	98	222	313	95	91	114	212
ENSDARG00000057743	110	231	280	147	96	136	185
ENSDARG00000029856	146	344	344	93	147	180	309
ENSDARG00000005673	59	38	48	37	38	56	46
ENSDARG00000092084	0	1	0	0	0	0	0
ENSDARG00000002947	278	673	676	212	201	282	557
ENSDARG00000017748	157	187	319	153	178	216	335
ENSDARG00000112456	0	0	0	0	0	0	1
ENSDARG00000062661	25	12	11	6	23	43	18
ENSDARG00000039979	0	1	1	3	0	1	1
ENSDARG00000039174	102	242	185	69	79	99	158
ENSDARG00000009014	61	54	27	47	80	106	48
ENSDARG00000099759	44	25	38	25	18	69	15
ENSDARG00000013856	0	2	0	0	0	0	1
ENSDARG00000073713	247	436	458	226	234	264	503
ENSDARG00000093060	6	2	3	4	5	5	0
ENSDARG00000114666	0	0	0	0	0	0	0
ENSDARG00000075962	15	32	30	18	26	28	59
ENSDARG00000087277	192	310	73	196	163	220	344
ENSDARG00000010956	276	491	540	264	261	321	429
ENSDARG00000012914	3448	4485	5216	2939	3524	4303	5345
ENSDARG00000095819	351	696	622	244	316	411	810
ENSDARG00000079625	164	316	259	148	151	208	343
ENSDARG00000012325	71	98	91	62	68	79	84
ENSDARG00000019526	280	527	602	270	258	351	557
ENSDARG00000039152	5	18	23	12	13	13	10
ENSDARG00000079364	4	6	5	4	7	6	13
ENSDARG00000094988	4	16	16	2	4	5	10
ENSDARG00000095752	4	10	8	4	7	6	7
ENSDARG00000094962	2	4	7	4	1	2	2
ENSDARG00000020602	105	7	1	0	155	211	8
ENSDARG00000015790	997	1218	1255	829	873	1087	1088
ENSDARG00000092225	60	61	53	58	77	121	60
ENSDARG00000091652	333	633	767	297	328	397	854
ENSDARG00000106039	0	0	0	0	0	0	0
ENSDARG00000062864	70	105	110	70	65	41	110
ENSDARG00000009740	1144	1736	2076	1019	985	1348	1741
ENSDARG00000009436	205	290	405	175	178	216	302
ENSDARG00000016771	112	77	109	85	90	79	111
ENSDARG00000006200	920	1926	1858	670	976	938	2629
ENSDARG00000084411	0	0	0	0	0	0	0
ENSDARG00000080942	9	1	2	6	4	4	3
ENSDARG00000077022	405	822	869	347	370	508	975
ENSDARG00000062427	292	455	519	277	239	236	559
ENSDARG00000084026	0	0	0	0	0	0	0
ENSDARG00000079158	0	0	1	0	0	1	0
ENSDARG00000020289	4	15	10	2	2	4	7
ENSDARG00000079907	15	10	10	4	7	15	14
ENSDARG00000093714	0	3	1	0	2	1	3
ENSDARG00000015252	286	415	507	271	240	324	470
ENSDARG00000019103	555	932	880	527	529	602	1102
ENSDARG00000104683	0	0	0	0	0	0	2
ENSDARG00000104972	0	0	0	0	4	0	1
ENSDARG00000052319	0	0	0	0	0	0	0
ENSDARG00000052296	0	0	0	0	0	0	0
ENSDARG00000100970	0	0	0	1	0	0	0
ENSDARG00000026569	0	0	0	0	0	0	0
ENSDARG00000005754	673	1657	1762	565	816	909	2734
ENSDARG00000085605	0	0	0	0	0	0	0
ENSDARG00000094091	0	0	0	0	0	0	0
ENSDARG00000113243	3	30	34	22	4	10	66
ENSDARG00000099780	0	0	0	0	0	0	0
ENSDARG00000109031	0	0	0	0	0	0	0
ENSDARG00000100494	818	1500	1705	734	762	992	1925
ENSDARG00000099776	22278	20605	17468	20641	18958	28035	19078
ENSDARG00000104930	375	624	623	298	348	457	789
ENSDARG00000111227	0	0	0	0	0	0	0
ENSDARG00000101899	0	0	1	0	0	0	0
ENSDARG00000102520	0	0	1	0	0	0	0
ENSDARG00000099960	49	114	160	67	54	74	170
ENSDARG00000100741	27	61	35	13	19	22	28
ENSDARG00000099445	342	477	490	275	300	373	461
ENSDARG00000098575	1	2	1	0	1	0	1
ENSDARG00000101903	665	1406	1653	622	665	839	1395
ENSDARG00000102223	0	1	3	1	2	4	1
ENSDARG00000057253	0	0	0	1	0	1	0
ENSDARG00000093610	0	0	0	0	0	0	0
ENSDARG00000057265	3	0	0	0	0	1	0
ENSDARG00000112780	0	0	0	0	0	0	0
ENSDARG00000092075	0	1	0	0	0	0	1
ENSDARG00000115412	0	0	0	0	0	0	0
ENSDARG00000095391	1	0	0	0	0	0	0
ENSDARG00000077665	0	0	0	0	0	0	0
ENSDARG00000097586	0	0	0	0	0	1	0
ENSDARG00000069033	2	7	0	1	2	0	10
ENSDARG00000115702	0	0	0	0	0	0	0
ENSDARG00000095093	0	0	0	0	0	1	0
ENSDARG00000116716	0	0	0	0	0	0	0
ENSDARG00000095066	0	0	0	0	0	0	0
ENSDARG00000093408	0	0	0	0	0	0	0
ENSDARG00000111383	0	0	0	0	0	0	0
ENSDARG00000057284	0	0	0	1	0	0	2
ENSDARG00000110526	0	0	0	0	0	0	0
ENSDARG00000057315	39	47	63	31	50	50	62
ENSDARG00000015901	619	967	1051	565	584	709	1082
ENSDARG00000010267	65	67	65	27	47	56	87
ENSDARG00000082222	0	0	0	0	0	0	0
ENSDARG00000101927	33	72	59	27	30	35	60
ENSDARG00000057209	91	116	157	87	64	116	142
ENSDARG00000079671	1235	2067	2099	743	1230	1372	2380
ENSDARG00000001913	11	9	11	4	3	10	4
ENSDARG00000097187	1493	1865	2086	902	1276	1616	1780
ENSDARG00000076183	2	1	4	2	1	1	1
ENSDARG00000103811	1482	2585	2962	1413	1287	1619	2969
ENSDARG00000060622	6	7	2	1	4	6	9
ENSDARG00000075487	12	20	13	2	6	8	21
ENSDARG00000021480	35	58	50	45	46	43	83
ENSDARG00000092679	0	0	0	0	0	0	0
ENSDARG00000076330	41	90	69	46	55	59	80
ENSDARG00000092078	2	1	3	0	3	2	1
ENSDARG00000005593	18	34	40	22	23	37	36
ENSDARG00000080487	0	0	0	0	0	0	0
ENSDARG00000110856	0	0	0	0	0	0	0
ENSDARG00000010482	16	7	3	3	5	2	9
ENSDARG00000103004	729	1145	1126	608	688	643	1687
ENSDARG00000042671	118	187	241	139	108	133	172
ENSDARG00000011886	1	0	0	0	3	8	0
ENSDARG00000004539	29	42	35	32	24	38	39
ENSDARG00000024546	106	128	209	111	106	128	195
ENSDARG00000039142	311	636	495	188	216	240	568
ENSDARG00000078352	130	183	192	134	117	168	187
ENSDARG00000042656	7	11	7	2	7	1	11
ENSDARG00000042652	99	144	191	84	117	144	239
ENSDARG00000016399	294	377	499	293	280	409	309
ENSDARG00000021200	1084	2169	2106	1212	1287	735	3267
ENSDARG00000063544	1952	3207	3866	1855	1787	2467	3056
ENSDARG00000013076	587	756	895	544	514	763	671
ENSDARG00000001940	845	1160	1426	750	716	963	1084
ENSDARG00000091879	77	87	174	94	76	95	103
ENSDARG00000094378	0	0	0	0	1	0	0
ENSDARG00000028878	43	80	114	55	37	79	52
ENSDARG00000057751	399	689	590	294	356	367	689
ENSDARG00000097822	0	1	0	1	0	0	1
ENSDARG00000039052	11	20	18	9	12	8	13
ENSDARG00000039051	210	450	528	213	160	241	418
ENSDARG00000062116	327	561	634	344	368	408	675
ENSDARG00000086601	1	0	0	0	0	1	0
ENSDARG00000034080	17	36	27	14	32	32	28
ENSDARG00000062272	891	1496	1513	827	757	1023	1462
ENSDARG00000024759	70	92	85	61	61	77	64
ENSDARG00000078986	122	222	254	130	144	155	234
ENSDARG00000016253	453	728	871	516	523	579	838
ENSDARG00000057184	141	293	351	145	101	134	298
ENSDARG00000062251	26	39	62	29	29	36	46
ENSDARG00000075211	810	1607	1759	675	895	784	2730
ENSDARG00000020261	3253	5226	5715	2849	2800	3285	5429
ENSDARG00000039098	582	1300	1380	638	579	786	1145
ENSDARG00000117728	0	0	0	1	0	0	0
ENSDARG00000032317	516	688	737	474	518	641	1061
ENSDARG00000069018	0	3	4	1	2	3	3
ENSDARG00000088073	724	1105	1157	640	553	768	1303
ENSDARG00000099664	425	553	746	401	263	389	565
ENSDARG00000099478	162	373	422	164	184	254	444
ENSDARG00000110020	9	22	25	13	32	20	34
ENSDARG00000101983	84	114	130	72	88	94	132
ENSDARG00000098807	0	0	0	0	0	0	0
ENSDARG00000103578	322	513	558	293	327	405	492
ENSDARG00000103370	87	203	174	92	129	136	189
ENSDARG00000101361	637	1223	1310	581	582	797	1173
ENSDARG00000104288	45	41	70	27	22	24	51
ENSDARG00000111969	3	8	10	4	7	7	9
ENSDARG00000103087	0	0	0	0	0	0	0
ENSDARG00000027590	1165	1962	2119	926	908	1188	1777
ENSDARG00000039022	1054	1604	1800	906	987	1321	1463
ENSDARG00000008807	7	3	4	2	5	6	5
ENSDARG00000077323	240	308	299	246	228	357	300
ENSDARG00000029848	3	3	11	8	6	2	4
ENSDARG00000018478	0	2	3	2	0	1	1
ENSDARG00000062024	5586	9827	9434	4974	6705	6544	13980
ENSDARG00000093112	44	105	96	42	68	107	107
ENSDARG00000031343	3652	5902	6357	3244	3113	4449	5253
ENSDARG00000056784	1	2	3	3	0	1	2
ENSDARG00000061948	78	142	166	99	90	118	125
ENSDARG00000077201	24	15	20	22	21	8	38
ENSDARG00000106775	0	0	0	0	0	0	0
ENSDARG00000079352	54	123	129	34	51	53	220
ENSDARG00000031709	365	617	832	295	305	395	543
ENSDARG00000093442	1	1	0	0	0	0	0
ENSDARG00000079229	2	10	7	1	3	5	10
ENSDARG00000011373	272	308	450	249	258	321	303
ENSDARG00000005458	770	1359	1485	676	771	918	1309
ENSDARG00000061908	173	246	306	158	178	242	244
ENSDARG00000097593	0	0	0	0	0	0	1
ENSDARG00000093680	0	0	2	0	0	0	0
ENSDARG00000098052	2	2	3	1	0	0	3
ENSDARG00000033971	78	124	132	89	97	119	183
ENSDARG00000006862	987	2004	1989	919	860	1148	2102
ENSDARG00000102869	0	0	0	0	0	1	0
ENSDARG00000023053	20	47	40	24	29	44	67
ENSDARG00000010381	839	1322	1538	783	733	1130	1260
ENSDARG00000013946	692	2173	2018	1147	916	861	1167
ENSDARG00000109615	0	0	0	0	0	0	0
ENSDARG00000113501	0	0	0	0	0	0	0
ENSDARG00000111218	0	0	0	0	0	0	0
ENSDARG00000111600	0	0	0	0	0	0	0
ENSDARG00000112109	0	0	0	0	0	0	0
ENSDARG00000113007	0	0	0	0	0	0	0
ENSDARG00000110969	0	0	0	0	0	0	0
ENSDARG00000111054	0	0	0	0	0	0	0
ENSDARG00000116868	0	0	0	0	0	0	0
ENSDARG00000112742	0	0	0	0	0	0	0
ENSDARG00000112714	0	0	0	0	0	0	0
ENSDARG00000109911	0	0	0	0	0	0	0
ENSDARG00000106841	1	0	0	0	0	0	0
ENSDARG00000113029	0	0	0	0	0	2	0
ENSDARG00000017605	32	44	47	30	31	49	57
ENSDARG00000038985	196	308	290	140	213	217	355
ENSDARG00000034189	1955	3359	4154	1808	1648	1995	3366
ENSDARG00000109479	0	0	0	0	0	0	0
ENSDARG00000056551	0	2	1	1	3	3	0
ENSDARG00000030722	3	3	8	1	8	8	0
ENSDARG00000092427	0	0	0	0	0	0	0
ENSDARG00000031426	103	143	135	79	115	106	129
ENSDARG00000003068	458	703	814	464	420	554	578
ENSDARG00000038979	8	81	77	23	58	18	145
ENSDARG00000017494	84	85	128	77	54	62	97
ENSDARG00000061848	71	92	158	77	81	77	147
ENSDARG00000094315	0	0	0	0	0	0	0
ENSDARG00000073756	81	101	116	67	64	101	116
ENSDARG00000093197	0	0	0	0	0	0	0
ENSDARG00000029881	47	55	102	52	44	53	109
ENSDARG00000068745	4605	10480	10062	4326	5280	5709	14895
ENSDARG00000079564	10	20	19	13	9	14	17
ENSDARG00000097306	0	0	0	0	0	0	0
ENSDARG00000083623	0	0	0	0	0	0	0
ENSDARG00000079782	9	18	15	7	7	8	17
ENSDARG00000056464	2	6	9	3	2	5	5
ENSDARG00000056475	937	1646	1688	840	867	1096	1491
ENSDARG00000092954	253	392	475	237	206	295	332
ENSDARG00000076265	593	949	1296	647	571	803	935
ENSDARG00000093462	3	12	13	6	2	8	13
ENSDARG00000038955	0	0	0	1	3	0	0
ENSDARG00000076972	8	19	16	10	32	28	19
ENSDARG00000003607	287	419	474	247	296	319	468
ENSDARG00000061797	18	3	16	10	7	6	11
ENSDARG00000061800	16	12	24	10	26	25	23
ENSDARG00000091306	1118	1784	1974	945	1212	1225	2425
ENSDARG00000093243	0	0	0	0	1	0	0
ENSDARG00000035862	0	0	1	0	0	1	0
ENSDARG00000035861	1	2	1	0	0	1	3
ENSDARG00000111732	0	0	0	0	0	0	0
ENSDARG00000035860	1532	2857	2686	1254	1296	1803	2676
ENSDARG00000035859	134	247	313	90	102	151	227
ENSDARG00000035858	297	436	462	239	349	318	355
ENSDARG00000105102	192	418	368	172	183	228	464
ENSDARG00000076068	196	210	257	174	255	235	291
ENSDARG00000061725	210	453	435	229	240	280	785
ENSDARG00000018060	3819	5175	6358	3088	3591	4139	5811
ENSDARG00000056378	104	120	166	95	140	166	226
ENSDARG00000056367	79	77	89	67	67	85	68
ENSDARG00000013221	287	423	557	312	333	389	457
ENSDARG00000056347	884	1084	1307	754	661	1073	922
ENSDARG00000094684	0	0	0	0	1	0	0
ENSDARG00000112172	0	0	0	0	0	0	0
ENSDARG00000092491	0	0	0	0	0	0	0
ENSDARG00000097081	0	0	0	0	0	0	0
ENSDARG00000018616	31	25	66	17	32	51	26
ENSDARG00000011934	444	670	880	448	478	630	702
ENSDARG00000026053	216	276	343	182	168	216	296
ENSDARG00000074262	257	306	410	209	241	325	282
ENSDARG00000056262	498	1069	929	422	530	572	1011
ENSDARG00000061205	1493	2534	2755	1341	1458	1549	2646
ENSDARG00000038910	641	1031	1100	546	504	656	924
ENSDARG00000038909	325	538	614	307	364	421	613
ENSDARG00000097709	0	0	1	1	3	2	1
ENSDARG00000020427	33	17	41	21	28	33	13
ENSDARG00000115638	0	0	0	0	0	0	0
ENSDARG00000094083	0	0	0	0	0	0	0
ENSDARG00000077722	313	542	585	267	323	340	720
ENSDARG00000078179	138	260	225	113	153	140	351
ENSDARG00000056230	19	21	15	18	16	10	16
ENSDARG00000056228	180	291	281	162	182	227	279
ENSDARG00000056218	967	1759	1948	773	976	1026	2291
ENSDARG00000094803	0	0	0	0	0	0	1
ENSDARG00000056196	1	3	2	2	2	0	0
ENSDARG00000056186	2013	2102	3087	1740	1577	2656	1547
ENSDARG00000092287	0	0	0	0	0	1	0
ENSDARG00000010816	1004	2052	1995	937	998	1106	2720
ENSDARG00000020031	205	139	199	205	171	247	185
ENSDARG00000094611	0	0	0	0	0	0	0
ENSDARG00000094683	7	8	17	8	13	5	18
ENSDARG00000005364	118	184	193	96	85	115	230
ENSDARG00000114644	0	0	0	0	0	0	0
ENSDARG00000010144	500	724	805	388	393	563	663
ENSDARG00000007818	1664	2889	3079	1539	1599	2236	2764
ENSDARG00000097439	0	0	0	0	0	0	0
ENSDARG00000092267	0	4	4	2	2	3	2
ENSDARG00000019362	290	429	515	234	244	374	451
ENSDARG00000031372	238	414	488	248	232	271	483
ENSDARG00000092348	1	0	1	0	0	0	0
ENSDARG00000068587	405	759	796	345	326	436	684
ENSDARG00000038900	1783	3380	3913	1579	1508	1890	2818
ENSDARG00000038905	634	877	1010	515	472	718	890
ENSDARG00000055996	2964	4699	4549	2422	2911	3692	4219
ENSDARG00000113087	12	8	12	8	12	14	14
ENSDARG00000085358	0	0	0	0	0	0	0
ENSDARG00000106293	0	0	0	0	0	0	0
ENSDARG00000083424	0	2	0	0	1	1	0
ENSDARG00000078455	0	2	0	1	1	0	0
ENSDARG00000086052	2	4	7	5	1	8	5
ENSDARG00000068580	12	18	10	9	5	13	10
ENSDARG00000021120	258	524	539	219	283	311	592
ENSDARG00000038898	28	52	68	23	4	33	15
ENSDARG00000014474	99	149	141	98	122	153	142
ENSDARG00000030591	61	122	117	48	55	74	131
ENSDARG00000019033	1206	1673	1783	1095	1056	1460	1802
ENSDARG00000061490	1267	2443	3232	1064	1220	1578	2522
ENSDARG00000080655	0	0	0	0	0	0	0
ENSDARG00000027584	15	17	21	19	26	22	38
ENSDARG00000055945	1055	1759	2245	916	1075	1324	1853
ENSDARG00000092673	187	263	316	156	171	216	269
ENSDARG00000003517	275	407	436	217	149	233	344
ENSDARG00000078267	148	306	298	101	131	160	277
ENSDARG00000092372	34	57	78	33	31	32	50
ENSDARG00000023542	309	551	632	295	284	320	669
ENSDARG00000115739	0	0	0	0	0	0	0
ENSDARG00000117708	0	1	1	0	0	0	1
ENSDARG00000109157	0	0	0	0	0	0	0
ENSDARG00000061461	21	36	66	23	20	32	34
ENSDARG00000038894	5	6	4	4	11	13	5
ENSDARG00000092151	5	16	21	10	2	1	11
ENSDARG00000061450	340	339	460	269	302	398	406
ENSDARG00000077544	195	224	227	140	188	222	259
ENSDARG00000093833	21	33	61	20	28	31	39
ENSDARG00000079727	3	2	9	0	0	2	0
ENSDARG00000068551	0	1	0	0	1	0	0
ENSDARG00000114805	5	11	12	4	0	3	9
ENSDARG00000095164	0	0	0	1	1	2	0
ENSDARG00000055900	771	1372	1278	583	829	825	2091
ENSDARG00000006818	101	178	201	115	101	145	170
ENSDARG00000067916	160	166	259	182	143	189	190
ENSDARG00000107511	310	423	505	307	307	404	379
ENSDARG00000086737	366	784	738	340	267	359	749
ENSDARG00000104264	1050	1972	1942	751	910	1080	2343
ENSDARG00000090770	195	308	386	198	233	235	333
ENSDARG00000113057	1	0	1	0	0	0	0
ENSDARG00000096095	3	6	15	4	4	8	2
ENSDARG00000087782	39	51	36	27	30	36	63
ENSDARG00000055370	1	1	2	0	0	1	1
ENSDARG00000015515	43	44	61	26	30	46	74
ENSDARG00000011723	74	116	149	75	50	92	115
ENSDARG00000097810	10	6	9	7	5	10	6
ENSDARG00000014522	452	912	889	366	469	533	1125
ENSDARG00000117692	0	3	9	1	0	1	9
ENSDARG00000117263	0	0	0	0	0	0	0
ENSDARG00000110748	0	0	0	0	0	0	0
ENSDARG00000114465	0	0	0	0	0	0	0
ENSDARG00000013072	0	0	0	0	0	0	0
ENSDARG00000093463	0	0	1	1	1	1	0
ENSDARG00000103226	320	399	434	351	275	281	486
ENSDARG00000101378	32	58	87	31	23	29	67
ENSDARG00000055843	429	847	842	355	412	499	926
ENSDARG00000078226	135	234	300	146	117	156	296
ENSDARG00000061371	470	835	913	474	384	559	776
ENSDARG00000011166	855	2428	2034	1137	931	1204	2092
ENSDARG00000014280	192	233	192	98	219	147	436
ENSDARG00000014479	7	13	12	9	3	20	14
ENSDARG00000093205	1	3	7	0	0	0	9
ENSDARG00000076896	23	52	39	19	29	49	40
ENSDARG00000091989	1	14	9	4	3	4	12
ENSDARG00000031658	24	47	51	32	48	33	76
ENSDARG00000092539	0	1	0	0	0	0	0
ENSDARG00000005606	206	383	459	183	201	252	439
ENSDARG00000038869	12	39	21	12	10	10	17
ENSDARG00000038868	185	514	612	197	169	237	404
ENSDARG00000003757	77	150	152	69	56	80	131
ENSDARG00000094896	9	15	16	11	5	7	13
ENSDARG00000038867	16	45	31	15	12	22	24
ENSDARG00000004680	685	935	1069	661	651	819	885
ENSDARG00000016699	3	1	8	3	0	5	4
ENSDARG00000097438	0	0	0	0	0	0	0
ENSDARG00000038862	37	32	45	16	28	37	37
ENSDARG00000007320	3095	5557	5686	2586	2907	3742	4990
ENSDARG00000081450	8	1	1	4	0	6	0
ENSDARG00000012369	104	208	230	106	106	139	204
ENSDARG00000044923	229	326	331	233	200	273	270
ENSDARG00000045359	955	1438	1619	1088	881	1396	1227
ENSDARG00000078773	161	314	325	163	138	177	257
ENSDARG00000093130	0	1	2	0	0	1	1
ENSDARG00000092095	0	0	0	0	0	0	0
ENSDARG00000117752	0	0	0	0	0	0	0
ENSDARG00000105462	2	3	1	3	2	1	0
ENSDARG00000038826	312	407	521	190	308	249	542
ENSDARG00000061292	9	21	22	12	16	9	22
ENSDARG00000013293	3	22	25	7	24	11	15
ENSDARG00000015863	238	457	478	233	251	296	458
ENSDARG00000074601	303	655	477	368	297	384	681
ENSDARG00000068483	19	39	33	25	21	17	25
ENSDARG00000033451	86	153	156	78	70	85	132
ENSDARG00000076066	2088	3708	4449	1951	1937	2675	3673
ENSDARG00000015589	5	19	12	5	0	5	10
ENSDARG00000003779	553	1085	835	431	581	614	1907
ENSDARG00000077026	0	0	0	0	0	0	0
ENSDARG00000068474	7	1	0	0	5	13	1
ENSDARG00000077687	1	1	3	0	1	1	0
ENSDARG00000003531	740	1188	1415	649	633	916	1045
ENSDARG00000085969	0	0	0	0	0	0	0
ENSDARG00000038859	557	916	866	410	554	692	1070
ENSDARG00000006370	2527	5290	5061	2502	2194	3116	4610
ENSDARG00000006894	188	275	350	155	164	226	290
ENSDARG00000038855	195	238	294	131	133	223	252
ENSDARG00000020895	323	542	598	329	321	406	501
ENSDARG00000025326	728	1059	1217	631	628	920	1011
ENSDARG00000061249	19	31	18	17	16	25	18
ENSDARG00000061214	1415	2627	3047	1233	1333	1783	2590
ENSDARG00000061196	42	48	51	23	43	22	61
ENSDARG00000117501	0	0	0	0	0	0	0
ENSDARG00000116355	0	0	0	0	0	0	0
ENSDARG00000113897	0	0	0	0	0	0	0
ENSDARG00000005941	1217	1808	2281	1190	1049	1544	1832
ENSDARG00000027740	6952	8672	8174	4093	5464	7888	6232
ENSDARG00000055595	4	5	9	9	2	5	5
ENSDARG00000061140	604	561	856	380	603	719	852
ENSDARG00000002127	1200	2065	2275	1122	1164	1501	2101
ENSDARG00000075715	1	4	1	0	2	0	5
ENSDARG00000055565	139	209	179	98	151	196	202
ENSDARG00000038822	427	738	773	534	576	597	755
ENSDARG00000093629	18	38	22	45	24	40	9
ENSDARG00000075706	710	1270	1260	886	743	1028	1311
ENSDARG00000095059	97	104	110	185	77	145	28
ENSDARG00000077219	49	97	72	88	36	123	1
ENSDARG00000092920	4	3	7	1	1	6	3
ENSDARG00000078729	8	6	9	9	4	9	9
ENSDARG00000038812	30	52	53	23	23	37	45
ENSDARG00000078535	159	287	413	128	106	161	273
ENSDARG00000090292	102	198	198	108	93	127	128
ENSDARG00000079302	2	0	1	2	7	3	3
ENSDARG00000079059	110	319	203	102	227	133	423
ENSDARG00000104365	0	0	0	0	1	0	0
ENSDARG00000061049	2	1	2	4	1	4	1
ENSDARG00000061048	590	917	1112	590	618	728	1012
ENSDARG00000075795	237	253	286	158	140	233	274
ENSDARG00000045420	810	1147	1178	879	740	1180	973
ENSDARG00000045421	707	973	1243	680	607	998	864
ENSDARG00000104518	0	1	0	3	6	6	2
ENSDARG00000101830	0	0	0	0	0	0	0
ENSDARG00000100027	0	0	0	0	0	0	0
ENSDARG00000102374	0	0	0	0	0	0	0
ENSDARG00000105200	0	0	0	0	0	0	0
ENSDARG00000103890	0	0	0	0	0	0	0
ENSDARG00000100445	0	0	0	0	0	0	0
ENSDARG00000098274	0	0	0	0	0	0	0
ENSDARG00000101672	0	0	0	0	0	0	0
ENSDARG00000100191	0	0	0	0	0	0	1
ENSDARG00000103544	0	0	0	0	0	0	0
ENSDARG00000099914	0	0	0	0	0	0	0
ENSDARG00000099268	0	1	0	0	0	0	0
ENSDARG00000101768	0	0	0	0	1	1	0
ENSDARG00000102001	0	0	0	0	0	0	0
ENSDARG00000098423	0	0	0	0	0	0	0
ENSDARG00000100554	0	1	0	1	0	1	0
ENSDARG00000007663	1778	3190	3459	1569	1526	2112	3017
ENSDARG00000079886	110	217	274	108	102	126	239
ENSDARG00000014969	1663	2249	2568	1462	1373	1933	1997
ENSDARG00000007241	224	314	280	191	228	231	294
ENSDARG00000091946	27	57	46	32	35	43	37
ENSDARG00000094081	1	6	2	0	0	0	6
ENSDARG00000020929	106	78	141	102	132	150	112
ENSDARG00000029463	862	1928	1993	774	944	896	2864
ENSDARG00000107060	0	0	0	0	0	0	0
ENSDARG00000093778	0	0	0	0	0	0	0
ENSDARG00000038780	1195	1508	1586	1081	1013	1404	1470
ENSDARG00000028173	288	252	445	284	294	321	220
ENSDARG00000074435	341	664	700	397	306	452	494
ENSDARG00000038784	469	760	873	374	399	571	806
ENSDARG00000038785	1076	3285	2929	1146	941	1112	2200
ENSDARG00000038786	498	780	906	429	420	526	744
ENSDARG00000038787	184	283	311	164	190	191	264
ENSDARG00000077075	663	1098	1219	616	676	816	1186
ENSDARG00000094100	2	1	2	3	0	2	0
ENSDARG00000093443	3	2	11	1	4	9	2
ENSDARG00000079589	25	17	24	67	34	60	2
ENSDARG00000094045	265	206	572	511	282	790	44
ENSDARG00000076043	64	36	69	145	78	267	0
ENSDARG00000032175	663	1240	1365	614	649	859	987
ENSDARG00000082493	584	662	701	527	354	671	711
ENSDARG00000085829	12	12	14	14	8	8	16
ENSDARG00000032951	722	1067	1282	631	630	800	1113
ENSDARG00000086504	12	12	8	6	4	8	15
ENSDARG00000004306	170	285	354	130	148	206	278
ENSDARG00000093905	1	0	0	0	1	0	0
ENSDARG00000011998	5	4	5	1	1	6	1
ENSDARG00000055192	0	4	1	3	2	3	2
ENSDARG00000055186	21	8	11	14	51	42	35
ENSDARG00000008784	1046	1748	2106	943	1057	1446	1605
ENSDARG00000068366	136	257	332	126	135	187	257
ENSDARG00000055177	11	16	12	9	10	8	10
ENSDARG00000007553	37	52	65	17	30	37	62
ENSDARG00000038789	173	274	295	193	193	260	266
ENSDARG00000096878	0	1	2	0	0	3	0
ENSDARG00000097707	0	0	0	0	0	0	0
ENSDARG00000097868	3	5	8	4	5	6	4
ENSDARG00000060929	445	792	935	500	552	659	822
ENSDARG00000093516	0	0	0	0	0	0	0
ENSDARG00000038792	10	16	24	32	16	19	9
ENSDARG00000018534	3208	4999	6469	3019	2832	3807	5478
ENSDARG00000038793	9	7	16	14	10	11	11
ENSDARG00000038794	84	135	198	90	87	129	147
ENSDARG00000077994	238	642	676	240	299	371	703
ENSDARG00000100819	0	0	0	0	0	0	1
ENSDARG00000083914	0	0	0	0	0	0	0
ENSDARG00000114919	0	0	0	0	0	0	0
ENSDARG00000031681	2030	4124	4403	1782	1671	2328	4273
ENSDARG00000112199	0	0	0	0	0	0	0
ENSDARG00000110121	0	0	0	0	0	0	0
ENSDARG00000114861	0	0	0	0	0	0	0
ENSDARG00000038987	0	0	0	0	0	0	0
ENSDARG00000113712	0	0	0	0	0	0	0
ENSDARG00000110529	0	0	0	0	0	0	0
ENSDARG00000095089	0	0	0	0	0	0	0
ENSDARG00000002728	51	66	69	41	35	56	62
ENSDARG00000083526	0	0	0	0	0	0	0
ENSDARG00000082454	0	0	0	0	0	0	0
ENSDARG00000076228	11	17	17	5	17	15	21
ENSDARG00000055026	342	594	708	311	395	490	856
ENSDARG00000018106	260	519	423	217	218	282	425
ENSDARG00000038801	465	835	828	435	396	507	830
ENSDARG00000038802	11	24	13	5	13	16	20
ENSDARG00000060861	85	156	132	73	78	110	188
ENSDARG00000068325	0	0	0	0	0	0	0
ENSDARG00000014302	1362	2462	2783	992	1308	1342	3218
ENSDARG00000068323	1637	2892	2794	1248	1451	1700	4024
ENSDARG00000076020	64	99	132	29	77	99	127
ENSDARG00000079329	341	622	714	305	275	350	653
ENSDARG00000020771	944	1694	1883	772	963	937	2257
ENSDARG00000094295	63	92	130	52	89	82	121
ENSDARG00000024829	5	7	4	2	8	4	11
ENSDARG00000097594	0	0	2	0	0	0	0
ENSDARG00000068305	169	372	374	174	175	250	370
ENSDARG00000014731	379	991	1281	352	321	448	797
ENSDARG00000038754	1065	1298	1365	768	990	1159	1284
ENSDARG00000092137	10	11	18	9	9	16	0
ENSDARG00000011326	8	33	26	7	47	9	38
ENSDARG00000054882	0	0	0	0	1	0	0
ENSDARG00000095663	0	0	1	0	0	1	1
ENSDARG00000036257	442	837	1015	374	475	437	1132
ENSDARG00000107678	0	0	0	0	0	0	0
ENSDARG00000079725	504	997	1184	411	483	527	1396
ENSDARG00000036279	332	525	571	283	382	381	757
ENSDARG00000068288	7	14	5	11	2	4	8
ENSDARG00000004580	2128	3869	4550	1997	1834	2585	4164
ENSDARG00000060767	671	1121	1022	548	750	728	1981
ENSDARG00000116509	0	0	0	0	0	0	0
ENSDARG00000116470	0	0	0	0	0	0	0
ENSDARG00000098938	0	0	0	0	0	0	0
ENSDARG00000099028	0	0	0	0	0	0	0
ENSDARG00000104684	0	2	2	2	6	5	2
ENSDARG00000101668	5	2	4	1	4	4	4
ENSDARG00000099066	0	0	0	0	0	0	0
ENSDARG00000102522	0	0	0	0	0	0	0
ENSDARG00000103897	0	0	0	0	0	0	0
ENSDARG00000103885	0	0	0	0	0	0	0
ENSDARG00000101058	0	0	0	0	0	0	0
ENSDARG00000099869	0	0	0	0	0	0	0
ENSDARG00000099504	0	0	0	0	0	0	0
ENSDARG00000101121	0	0	0	0	0	0	0
ENSDARG00000102553	0	0	0	0	0	0	0
ENSDARG00000103217	0	0	0	0	0	0	0
ENSDARG00000112867	0	0	0	0	0	0	0
ENSDARG00000099394	0	0	0	0	0	0	0
ENSDARG00000098795	0	0	0	0	0	0	0
ENSDARG00000115241	0	0	0	0	0	0	0
ENSDARG00000115225	0	0	0	0	0	0	0
ENSDARG00000113108	0	0	0	0	0	0	0
ENSDARG00000100997	0	0	0	0	0	0	0
ENSDARG00000110102	0	0	0	0	0	0	0
ENSDARG00000112754	0	0	0	0	0	0	0
ENSDARG00000114801	1	0	0	0	0	0	0
ENSDARG00000111519	0	0	0	0	0	0	0
ENSDARG00000113034	0	0	0	0	0	0	0
ENSDARG00000115889	0	0	0	0	0	0	0
ENSDARG00000111335	0	0	0	0	0	0	0
ENSDARG00000115580	0	0	0	0	0	0	0
ENSDARG00000113818	0	0	0	0	0	0	0
ENSDARG00000102854	0	0	0	0	0	0	0
ENSDARG00000115142	0	0	0	0	0	0	0
ENSDARG00000113555	0	0	0	0	0	0	0
ENSDARG00000111775	0	0	0	0	0	0	0
ENSDARG00000114873	0	0	0	0	0	0	0
ENSDARG00000100706	0	0	0	0	0	0	0
ENSDARG00000114580	0	0	0	0	0	0	0
ENSDARG00000104132	0	0	0	0	0	0	0
ENSDARG00000115584	0	0	0	0	0	0	0
ENSDARG00000109933	0	0	0	0	0	0	0
ENSDARG00000114354	0	0	0	0	0	0	0
ENSDARG00000098489	0	0	0	0	0	0	0
ENSDARG00000115560	0	0	0	0	0	0	0
ENSDARG00000113964	0	0	0	0	0	0	0
ENSDARG00000110275	0	1	0	0	1	2	0
ENSDARG00000116599	0	0	0	0	0	0	0
ENSDARG00000100765	0	0	0	0	0	0	0
ENSDARG00000110784	0	0	0	0	0	0	0
ENSDARG00000075807	0	0	0	0	0	0	0
ENSDARG00000113814	0	0	0	0	0	0	0
ENSDARG00000101758	0	0	0	0	0	0	0
ENSDARG00000102246	0	0	0	0	0	0	0
ENSDARG00000103626	0	0	0	0	0	0	0
ENSDARG00000102250	0	0	0	0	0	0	0
ENSDARG00000104194	0	0	0	0	0	0	0
ENSDARG00000099208	0	0	0	0	0	0	0
ENSDARG00000102408	0	0	0	0	0	0	0
ENSDARG00000099239	0	0	0	0	0	0	0
ENSDARG00000115774	0	0	0	0	0	0	0
ENSDARG00000099170	0	0	0	0	0	0	0
ENSDARG00000115333	0	0	0	0	0	0	0
ENSDARG00000109231	0	0	0	0	0	0	0
ENSDARG00000098498	0	0	0	0	0	0	0
ENSDARG00000101820	0	0	0	0	0	0	0
ENSDARG00000116253	0	0	0	0	0	0	0
ENSDARG00000116308	0	0	0	0	0	0	0
ENSDARG00000098624	0	0	0	0	0	0	0
ENSDARG00000098675	0	0	0	0	0	0	0
ENSDARG00000098163	0	0	0	0	0	0	0
ENSDARG00000116269	0	0	0	0	0	0	0
ENSDARG00000101882	0	0	0	0	0	0	0
ENSDARG00000103707	0	0	0	0	0	0	0
ENSDARG00000102880	0	0	0	0	0	0	0
ENSDARG00000102757	0	0	0	0	0	0	0
ENSDARG00000104481	0	0	0	0	1	0	0
ENSDARG00000103438	0	0	0	0	0	0	0
ENSDARG00000104591	0	0	0	0	0	0	0
ENSDARG00000100541	0	0	0	0	0	0	0
ENSDARG00000099526	0	0	0	0	0	0	0
ENSDARG00000103150	0	0	0	0	0	0	0
ENSDARG00000101221	0	1	0	0	0	1	0
ENSDARG00000101033	0	0	0	0	0	0	0
ENSDARG00000104838	0	0	0	0	0	0	0
ENSDARG00000099052	0	0	0	0	0	1	0
ENSDARG00000100516	0	0	0	0	0	0	0
ENSDARG00000098629	0	0	1	0	1	1	1
ENSDARG00000101681	0	0	0	0	0	0	0
ENSDARG00000099064	0	0	0	0	0	0	0
ENSDARG00000104867	0	0	0	0	0	1	0
ENSDARG00000100158	0	0	0	0	0	0	0
ENSDARG00000102108	0	0	0	0	0	0	0
ENSDARG00000103506	0	0	0	0	0	0	0
ENSDARG00000099638	1	0	0	0	0	0	0
ENSDARG00000100801	0	0	0	1	0	0	0
ENSDARG00000101709	0	0	0	1	0	0	0
ENSDARG00000103552	0	0	0	0	1	0	0
ENSDARG00000116856	0	0	0	0	0	0	0
ENSDARG00000099074	0	0	0	0	0	1	0
ENSDARG00000109710	0	0	0	0	0	0	0
ENSDARG00000103583	0	0	0	0	0	0	0
ENSDARG00000113032	0	0	0	1	1	0	0
ENSDARG00000105150	0	0	0	0	2	0	0
ENSDARG00000114907	0	0	0	0	0	2	0
ENSDARG00000100017	1	0	0	0	0	0	0
ENSDARG00000103009	0	0	0	0	0	0	0
ENSDARG00000099454	1	5	1	2	5	2	2
ENSDARG00000099259	1	2	4	3	1	4	0
ENSDARG00000101685	0	0	0	0	0	0	0
ENSDARG00000102592	0	0	0	0	0	0	0
ENSDARG00000099769	0	0	0	0	0	0	0
ENSDARG00000098172	0	1	0	0	0	0	0
ENSDARG00000102189	0	0	0	0	0	0	0
ENSDARG00000102625	0	0	0	0	0	0	0
ENSDARG00000100951	0	0	0	0	0	0	0
ENSDARG00000099434	0	0	0	0	0	0	0
ENSDARG00000100237	0	0	0	0	0	0	0
ENSDARG00000102466	0	0	0	1	0	1	0
ENSDARG00000103104	0	0	1	0	0	0	0
ENSDARG00000098394	0	0	0	0	1	0	0
ENSDARG00000098496	0	0	0	0	0	0	2
ENSDARG00000100637	0	0	0	0	0	0	0
ENSDARG00000100345	0	1	0	0	0	0	0
ENSDARG00000099027	0	0	0	0	0	0	0
ENSDARG00000103876	0	0	0	0	0	0	0
ENSDARG00000103772	0	0	0	0	0	1	0
ENSDARG00000099140	0	0	0	0	0	0	0
ENSDARG00000101738	0	0	0	0	1	0	0
ENSDARG00000104046	0	0	0	0	0	0	0
ENSDARG00000100048	0	0	0	0	0	0	0
ENSDARG00000077393	0	1	0	0	0	2	0
ENSDARG00000102052	0	0	0	0	0	0	0
ENSDARG00000102809	0	0	0	0	0	0	0
ENSDARG00000076803	0	0	0	0	1	0	0
ENSDARG00000103096	0	0	0	0	0	0	0
ENSDARG00000103300	0	0	0	0	0	0	0
ENSDARG00000113363	0	4	2	2	1	0	0
ENSDARG00000079242	0	0	0	0	0	0	0
ENSDARG00000078427	0	0	0	0	0	0	1
ENSDARG00000114269	0	0	0	0	0	0	0
ENSDARG00000077036	0	1	0	0	0	1	0
ENSDARG00000115145	0	0	0	0	2	1	1
ENSDARG00000087496	0	0	1	0	0	0	0
ENSDARG00000099587	0	0	0	0	0	0	0
ENSDARG00000101803	1	0	0	0	1	0	0
ENSDARG00000102259	0	0	0	0	0	0	0
ENSDARG00000105228	0	0	0	0	1	1	0
ENSDARG00000068175	5	15	8	6	4	13	9
ENSDARG00000068177	143	174	270	130	189	182	229
ENSDARG00000114484	0	0	0	0	0	0	0
ENSDARG00000026990	17	21	31	19	25	30	34
ENSDARG00000012140	643	1115	1156	612	556	784	980
ENSDARG00000079515	2	1	2	1	1	3	6
ENSDARG00000014545	110	140	128	127	68	132	91
ENSDARG00000111952	0	0	0	0	0	0	0
ENSDARG00000012591	399	660	702	364	387	513	620
ENSDARG00000083762	0	0	0	0	0	0	0
ENSDARG00000074739	244	470	524	204	224	262	586
ENSDARG00000019596	988	1581	1764	826	894	1086	1504
ENSDARG00000077470	77	92	126	51	62	70	97
ENSDARG00000093416	1	0	1	0	0	1	1
ENSDARG00000060315	10	8	13	4	5	9	8
ENSDARG00000092883	3	3	5	2	3	3	9
ENSDARG00000060322	16	32	31	16	8	25	47
ENSDARG00000060326	1895	3295	3480	1534	1273	1979	3680
ENSDARG00000104363	4	3	12	2	1	5	5
ENSDARG00000013576	57	51	55	87	97	80	63
ENSDARG00000038693	598	674	706	523	522	817	506
ENSDARG00000009372	93	204	230	101	92	104	217
ENSDARG00000038694	76	118	121	65	176	98	116
ENSDARG00000032465	2	0	1	0	3	3	3
ENSDARG00000038695	2632	4362	4843	2212	2310	3118	3698
ENSDARG00000004891	1252	1788	1936	1136	1094	1406	1289
ENSDARG00000095090	39	61	76	31	36	49	46
ENSDARG00000004173	1821	3199	3468	1497	1685	2054	3257
ENSDARG00000060350	0	0	0	0	0	0	0
ENSDARG00000060345	5	1	6	1	0	0	0
ENSDARG00000060354	1	0	4	0	1	3	0
ENSDARG00000019951	1163	2848	2564	1160	1093	1379	2651
ENSDARG00000060362	185	359	376	165	146	199	368
ENSDARG00000038700	1	2	1	0	0	1	1
ENSDARG00000023933	366	646	801	313	378	381	796
ENSDARG00000021225	1216	2239	2286	947	1075	1422	1953
ENSDARG00000094449	2	0	0	0	0	1	1
ENSDARG00000074604	36	28	44	38	52	55	34
ENSDARG00000060395	79	116	131	85	96	115	177
ENSDARG00000095191	55	46	64	55	81	88	74
ENSDARG00000095608	2	5	5	0	5	3	6
ENSDARG00000074447	635	1190	1549	630	572	820	933
ENSDARG00000030448	864	1811	1668	814	735	963	1616
ENSDARG00000011157	82	124	133	103	102	157	116
ENSDARG00000011948	740	1180	1464	712	853	952	1739
ENSDARG00000013117	391	736	734	316	425	437	840
ENSDARG00000077410	137	153	174	106	152	243	186
ENSDARG00000038709	51	61	77	50	47	45	63
ENSDARG00000005327	2	6	1	2	0	7	5
ENSDARG00000054162	16	50	51	22	20	28	44
ENSDARG00000054170	0	10	1	0	0	1	25
ENSDARG00000099617	130	326	323	155	141	163	324
ENSDARG00000089617	36467	123755	100108	22199	43306	40053	114974
ENSDARG00000103889	144	273	283	152	130	198	271
ENSDARG00000084661	112	20	486	85	25	197	6
ENSDARG00000079202	214	345	391	148	138	251	285
ENSDARG00000053836	2	0	1	1	2	1	0
ENSDARG00000023303	448	975	981	369	376	531	920
ENSDARG00000026904	2	6	1	1	4	4	3
ENSDARG00000054202	3	1	0	2	1	2	0
ENSDARG00000068220	6	11	4	9	3	10	2
ENSDARG00000094681	134	83	146	86	70	130	21
ENSDARG00000068221	16	7	20	6	13	17	5
ENSDARG00000038713	157	217	293	152	142	209	215
ENSDARG00000117380	24	41	48	26	27	35	41
ENSDARG00000023157	0	0	0	0	1	0	0
ENSDARG00000053845	0	0	0	0	0	0	0
ENSDARG00000030254	0	0	0	0	0	0	0
ENSDARG00000007425	17	30	51	32	41	33	53
ENSDARG00000023185	41	56	85	50	38	68	68
ENSDARG00000023181	406	652	993	375	455	566	847
ENSDARG00000000324	427	481	530	373	401	501	685
ENSDARG00000053810	446	1018	1059	357	391	524	1024
ENSDARG00000053802	0	0	0	0	0	0	0
ENSDARG00000038716	4	6	1	3	1	5	0
ENSDARG00000053792	149	225	266	136	143	195	215
ENSDARG00000002031	131	201	178	125	135	175	203
ENSDARG00000075543	941	1876	2154	820	1036	945	2860
ENSDARG00000068232	4140	6832	6798	4519	3389	4850	4974
ENSDARG00000068240	13	22	29	19	6	20	8
ENSDARG00000075116	244	566	505	259	332	344	891
ENSDARG00000008388	299	300	423	226	283	398	464
ENSDARG00000054290	1044	2214	2361	812	1170	1232	3147
ENSDARG00000054292	27	82	95	18	35	27	139
ENSDARG00000076534	11	15	34	21	24	19	13
ENSDARG00000054300	503	682	844	452	461	636	602
ENSDARG00000054304	74	75	78	64	69	84	83
ENSDARG00000093723	1	0	0	0	0	0	0
ENSDARG00000038720	3	0	2	0	0	0	5
ENSDARG00000054313	4	3	3	4	3	7	1
ENSDARG00000054337	782	1079	1213	591	713	859	1012
ENSDARG00000103472	347	697	676	332	302	428	563
ENSDARG00000054343	13	26	52	2	24	30	45
ENSDARG00000079605	224	463	457	180	212	245	442
ENSDARG00000108530	1	0	0	0	0	0	0
ENSDARG00000075445	944	1475	1216	786	951	1078	1572
ENSDARG00000077996	435	591	634	259	374	418	790
ENSDARG00000111637	0	1	2	3	1	6	3
ENSDARG00000086990	519	1110	1173	439	570	604	1397
ENSDARG00000075562	1	0	1	0	1	0	3
ENSDARG00000074064	479	764	768	337	464	553	910
ENSDARG00000026972	4	3	2	4	6	9	4
ENSDARG00000038743	2187	4117	4348	1872	1907	2463	3805
ENSDARG00000093774	2	38	41	1	13	2	70
ENSDARG00000038742	0	0	0	0	0	1	0
ENSDARG00000018077	145	196	200	121	191	201	179
ENSDARG00000092472	16	11	16	10	10	36	4
ENSDARG00000097911	0	4	0	1	1	0	1
ENSDARG00000077034	60	134	123	60	59	85	178
ENSDARG00000060637	2750	4231	5265	2730	2507	2814	4878
ENSDARG00000107038	0	0	0	0	0	0	0
ENSDARG00000095040	1	0	1	0	0	1	0
ENSDARG00000016084	175	263	307	148	147	191	293
ENSDARG00000054837	15	12	15	16	20	27	7
ENSDARG00000038731	1195	1707	1812	1117	1272	1524	2132
ENSDARG00000094509	1	0	0	0	1	1	1
ENSDARG00000084059	0	0	0	0	0	0	0
ENSDARG00000054454	1794	2653	2935	1445	1794	1797	3903
ENSDARG00000112759	1	0	0	0	0	0	0
ENSDARG00000112125	2	1	0	0	4	1	0
ENSDARG00000094983	0	0	0	0	2	0	1
ENSDARG00000090873	7	6	3	5	0	15	0
ENSDARG00000011600	1145	1747	2044	1116	1018	1534	2330
ENSDARG00000111565	0	0	0	0	0	0	0
ENSDARG00000085409	0	0	0	0	0	0	0
ENSDARG00000096869	2	6	2	3	0	3	1
ENSDARG00000117351	0	0	0	0	0	0	0
ENSDARG00000054746	572	1368	1444	429	410	568	1436
ENSDARG00000054754	237	505	534	226	196	269	621
ENSDARG00000107114	0	0	0	0	0	0	0
ENSDARG00000117570	0	0	0	0	0	0	0
ENSDARG00000108192	0	0	0	0	0	0	0
ENSDARG00000117510	0	0	0	0	0	0	0
ENSDARG00000106746	0	0	0	0	0	0	0
ENSDARG00000040306	12	10	25	4	50	14	30
ENSDARG00000014986	1870	3239	3432	1621	1711	2165	3099
ENSDARG00000060210	98	180	172	104	99	129	168
ENSDARG00000014692	509	780	876	474	428	646	638
ENSDARG00000056490	240	1025	859	271	331	327	2155
ENSDARG00000016132	142	236	257	150	160	184	227
ENSDARG00000024365	14	43	37	20	25	22	38
ENSDARG00000014209	0	0	0	0	2	1	0
ENSDARG00000053620	0	0	0	0	0	0	0
ENSDARG00000095581	0	0	1	0	1	0	1
ENSDARG00000012600	59	63	79	32	68	104	104
ENSDARG00000117671	12	11	16	8	15	15	17
ENSDARG00000038669	70	52	52	44	105	97	55
ENSDARG00000038668	44	50	58	31	109	82	45
ENSDARG00000091628	206	298	332	139	234	186	379
ENSDARG00000060177	372	502	641	314	370	422	699
ENSDARG00000095649	5	12	15	10	5	7	3
ENSDARG00000053518	55	81	81	51	54	79	62
ENSDARG00000093401	4	14	11	5	5	12	5
ENSDARG00000029596	2	5	5	5	5	9	6
ENSDARG00000008858	130	181	236	188	147	174	202
ENSDARG00000068143	672	945	986	599	582	763	1018
ENSDARG00000008191	182	274	343	214	152	247	280
ENSDARG00000038658	3	5	9	2	9	1	14
ENSDARG00000021022	91	189	212	73	86	117	189
ENSDARG00000079784	279	407	469	186	253	339	498
ENSDARG00000076838	0	0	0	0	0	0	0
ENSDARG00000079412	4	5	2	15	7	5	2
ENSDARG00000018506	1	1	4	1	9	5	6
ENSDARG00000093932	9	6	7	7	14	8	5
ENSDARG00000095083	0	0	0	0	0	0	0
ENSDARG00000053450	8	1	3	2	2	2	7
ENSDARG00000078446	2	0	3	0	2	2	2
ENSDARG00000077412	0	0	0	0	1	0	0
ENSDARG00000095345	1	1	0	0	3	0	4
ENSDARG00000092023	0	1	1	0	1	0	4
ENSDARG00000094514	73	79	88	68	55	82	92
ENSDARG00000018961	1532	2196	2571	1141	1670	1865	2533
ENSDARG00000086104	2145	4338	4699	1634	1864	2309	4559
ENSDARG00000030824	241	320	405	202	236	276	420
ENSDARG00000109995	0	0	0	0	0	0	0
ENSDARG00000025513	467	841	926	419	476	389	1304
ENSDARG00000085497	6214	2373	1255	8690	2126	12485	1476
ENSDARG00000075212	25	29	43	18	23	33	20
ENSDARG00000017004	111	261	252	118	135	144	299
ENSDARG00000038646	1	0	0	0	3	1	4
ENSDARG00000053366	9	7	13	5	12	7	16
ENSDARG00000053358	7721	10327	9488	5458	6361	8455	10017
ENSDARG00000097562	1	0	0	1	1	0	1
ENSDARG00000031783	524	636	687	442	481	636	804
ENSDARG00000005163	578	1317	1424	570	532	714	1190
ENSDARG00000001721	1	2	10	4	8	4	4
ENSDARG00000108561	0	0	0	0	0	0	0
ENSDARG00000085425	0	0	0	0	0	0	0
ENSDARG00000060085	518	677	950	440	575	565	951
ENSDARG00000053318	21	34	56	39	23	64	32
ENSDARG00000079537	14	17	27	31	12	48	12
ENSDARG00000053293	54	46	67	55	20	78	41
ENSDARG00000074118	3	10	14	7	10	11	10
ENSDARG00000023217	88	89	106	99	114	144	89
ENSDARG00000010583	210	312	342	208	184	209	438
ENSDARG00000027290	186	324	296	147	193	208	507
ENSDARG00000117748	21	20	14	15	26	21	26
ENSDARG00000109929	0	0	0	0	0	0	2
ENSDARG00000104484	0	0	1	0	0	0	0
ENSDARG00000060054	438	707	726	383	431	502	927
ENSDARG00000053232	17	12	24	13	16	33	37
ENSDARG00000022689	16	25	17	6	9	7	23
ENSDARG00000105141	14	12	19	4	29	7	36
ENSDARG00000074131	1970	4487	4932	1829	1684	2322	4183
ENSDARG00000032043	18	22	24	15	18	16	23
ENSDARG00000008548	59	184	217	87	65	75	201
ENSDARG00000016788	366	471	673	313	423	434	772
ENSDARG00000090699	4	6	13	7	4	9	6
ENSDARG00000003244	89	124	153	71	86	87	143
ENSDARG00000068431	40	39	51	37	16	65	34
ENSDARG00000093337	0	1	2	0	0	0	1
ENSDARG00000056998	497	970	967	329	436	490	1116
ENSDARG00000057013	544	549	585	475	359	640	890
ENSDARG00000038608	955	1378	1544	1012	881	1284	1077
ENSDARG00000010472	12	10	15	4	11	3	18
ENSDARG00000038609	4601	13395	15374	6919	5908	11062	19653
ENSDARG00000060041	52	91	127	65	62	79	43
ENSDARG00000017038	18	251	31	26	1	28	383
ENSDARG00000076512	13	0	1	0	17	22	0
ENSDARG00000097327	0	0	0	0	0	0	1
ENSDARG00000038615	792	1488	1413	800	579	1079	1355
ENSDARG00000038612	25	38	38	16	16	24	50
ENSDARG00000040741	360	594	676	308	274	399	500
ENSDARG00000075008	38	74	81	28	33	60	60
ENSDARG00000096937	1	2	2	6	1	0	6
ENSDARG00000079124	73	109	123	68	79	79	95
ENSDARG00000107157	0	0	0	0	0	0	0
ENSDARG00000021739	171	169	282	175	243	269	197
ENSDARG00000078767	221	376	422	224	272	257	490
ENSDARG00000097253	52	104	114	47	51	66	122
ENSDARG00000079777	317	380	501	297	252	403	386
ENSDARG00000004880	27	34	48	3	31	12	41
ENSDARG00000005058	145	263	284	154	94	187	163
ENSDARG00000083325	3842	7812	6887	3664	1918	4219	5762
ENSDARG00000081126	3137	6748	6716	3115	1947	5151	4564
ENSDARG00000068021	91	194	197	80	76	128	146
ENSDARG00000092428	0	0	0	0	0	0	0
ENSDARG00000025855	1168	1874	1665	1017	823	1566	2519
ENSDARG00000021398	263	383	432	305	173	419	275
ENSDARG00000053155	163	333	373	128	182	173	281
ENSDARG00000075886	31	40	46	38	17	34	49
ENSDARG00000053158	6	5	13	1	7	1	7
ENSDARG00000093458	3	7	5	4	10	4	9
ENSDARG00000109321	0	0	0	0	0	0	0
ENSDARG00000086647	1	2	6	3	4	1	8
ENSDARG00000104553	1	0	0	0	0	0	0
ENSDARG00000100828	2	6	4	1	0	5	2
ENSDARG00000038585	481	616	733	361	471	569	632
ENSDARG00000076634	384	662	710	296	311	460	598
ENSDARG00000038587	27	15	19	24	0	66	0
ENSDARG00000114393	0	0	0	0	0	0	0
ENSDARG00000101040	0	2	4	0	0	0	2
ENSDARG00000081145	1	0	0	0	0	0	0
ENSDARG00000059965	656	1367	1660	726	790	884	1788
ENSDARG00000102714	0	0	0	0	0	0	0
ENSDARG00000102729	0	0	1	0	0	1	0
ENSDARG00000078136	1208	1763	1892	912	1036	1262	1989
ENSDARG00000091280	27	35	32	31	7	47	2
ENSDARG00000095634	8	3	9	2	15	13	9
ENSDARG00000088423	21	18	31	18	28	40	25
ENSDARG00000017311	158	242	274	117	155	152	223
ENSDARG00000094414	9	21	7	8	14	10	8
ENSDARG00000077096	0	8	3	0	5	1	2
ENSDARG00000092552	0	1	2	0	0	0	1
ENSDARG00000092469	1	2	0	1	1	11	0
ENSDARG00000115238	0	0	0	0	0	0	0
ENSDARG00000093150	1	2	1	0	0	8	0
ENSDARG00000092813	2	3	2	1	1	23	1
ENSDARG00000053101	585	1161	1440	514	509	621	868
ENSDARG00000053104	241	358	515	168	194	213	302
ENSDARG00000074082	74	84	161	88	65	105	114
ENSDARG00000112568	0	0	0	0	0	0	0
ENSDARG00000091590	0	0	0	0	3	2	0
ENSDARG00000109342	0	0	1	0	1	0	0
ENSDARG00000090585	834	1512	1607	593	734	868	1690
ENSDARG00000084316	0	0	0	0	0	0	1
ENSDARG00000109215	115	173	214	99	162	124	230
ENSDARG00000076757	218	398	469	241	286	251	530
ENSDARG00000094038	0	1	1	1	1	0	2
ENSDARG00000093854	0	0	0	0	0	0	0
ENSDARG00000095343	0	0	0	0	0	0	0
ENSDARG00000078489	0	0	0	0	0	0	0
ENSDARG00000108731	0	0	0	0	0	0	0
ENSDARG00000117370	0	0	0	0	0	0	0
ENSDARG00000093824	0	2	2	0	1	1	4
ENSDARG00000010192	55	88	140	64	43	55	105
ENSDARG00000091979	0	0	0	0	0	0	0
ENSDARG00000014674	2042	3825	4305	1541	1775	2232	3983
ENSDARG00000094244	0	0	0	0	0	0	0
ENSDARG00000038574	9253	14609	15118	6957	8660	11189	12789
ENSDARG00000027966	94	88	115	70	94	123	120
ENSDARG00000076970	146	113	287	174	269	298	194
ENSDARG00000038967	982	1434	1622	929	1044	1252	1709
ENSDARG00000052978	476	700	864	553	603	668	1062
ENSDARG00000099818	0	0	0	0	0	0	0
ENSDARG00000078065	44	43	59	32	27	56	12
ENSDARG00000076969	2	1	2	0	4	3	2
ENSDARG00000067985	15	21	13	53	1	82	63
ENSDARG00000008396	77	176	242	67	95	105	119
ENSDARG00000093651	5	1	5	1	1	5	2
ENSDARG00000092961	3	0	5	1	3	2	4
ENSDARG00000038570	0	0	0	1	4	0	0
ENSDARG00000094131	4	4	10	4	0	8	27
ENSDARG00000038569	87	156	167	67	66	110	119
ENSDARG00000095362	2	2	8	1	4	4	1
ENSDARG00000038561	6	4	8	10	4	18	6
ENSDARG00000038563	247	426	425	233	217	284	403
ENSDARG00000012801	1021	1444	1917	980	675	1289	1168
ENSDARG00000092383	2	2	4	1	0	2	2
ENSDARG00000009735	659	978	1282	628	662	759	1143
ENSDARG00000038553	10	3	6	9	5	4	5
ENSDARG00000010384	9	19	14	18	33	33	16
ENSDARG00000039650	1982	2433	2168	1637	1918	2111	1742
ENSDARG00000019335	373	496	438	278	307	457	481
ENSDARG00000034503	665	1034	1271	674	711	777	1455
ENSDARG00000102834	0	0	0	0	0	0	0
ENSDARG00000091782	0	0	0	0	0	0	1
ENSDARG00000091083	0	0	1	0	0	0	0
ENSDARG00000103510	0	1	1	0	0	1	0
ENSDARG00000104302	6	9	0	7	9	7	4
ENSDARG00000102866	7	19	0	8	36	17	16
ENSDARG00000105247	12	13	0	13	19	20	10
ENSDARG00000104524	66	129	5	60	157	73	106
ENSDARG00000014624	97	198	70	91	138	152	179
ENSDARG00000111630	0	0	0	0	0	0	0
ENSDARG00000098337	1	0	1	2	1	2	1
ENSDARG00000103241	3	2	3	1	4	3	0
ENSDARG00000079657	3	2	2	6	1	17	3
ENSDARG00000084045	0	0	0	0	0	0	0
ENSDARG00000110291	32	35	62	32	42	59	47
ENSDARG00000014651	0	1	3	1	2	1	4
ENSDARG00000061636	188	355	438	214	222	231	607
ENSDARG00000012627	540	850	1079	444	459	593	684
ENSDARG00000091433	273	463	511	190	226	262	509
ENSDARG00000036626	114	317	311	136	162	120	492
ENSDARG00000113303	3	2	4	1	4	1	6
ENSDARG00000017780	337	1589	1957	153	386	338	2706
ENSDARG00000067958	1	3	4	0	4	2	6
ENSDARG00000092810	190	363	360	128	199	248	467
ENSDARG00000095607	0	1	7	0	0	0	2
ENSDARG00000052997	57	139	130	61	58	49	152
ENSDARG00000059866	341	469	534	295	330	392	458
ENSDARG00000077309	1	2	2	3	5	3	1
ENSDARG00000099948	0	1	2	0	1	2	2
ENSDARG00000099765	0	0	0	0	1	0	0
ENSDARG00000100413	0	0	0	0	0	0	0
ENSDARG00000110173	7	15	15	4	1	13	320
ENSDARG00000093918	0	1	1	1	0	0	0
ENSDARG00000095711	4	5	4	3	0	4	6
ENSDARG00000095756	0	1	2	0	0	1	0
ENSDARG00000038543	319	571	680	252	366	267	601
ENSDARG00000059857	142	301	310	153	104	195	290
ENSDARG00000092477	2	6	3	1	0	2	0
ENSDARG00000076360	119	161	210	105	108	169	154
ENSDARG00000004291	699	1017	1196	612	705	768	1456
ENSDARG00000038541	43	53	81	51	57	52	72
ENSDARG00000052633	8	6	12	8	11	10	9
ENSDARG00000067950	302	442	482	272	316	345	595
ENSDARG00000014582	581	944	1035	536	498	645	975
ENSDARG00000052618	3	6	11	7	2	7	7
ENSDARG00000033231	2	6	1	0	3	1	3
ENSDARG00000094499	0	0	0	0	0	0	0
ENSDARG00000019239	1050	1852	2251	955	1059	1255	2012
ENSDARG00000074558	1083	1979	2053	922	912	1091	2757
ENSDARG00000044501	174	290	346	190	164	235	309
ENSDARG00000108106	0	0	0	0	0	0	0
ENSDARG00000090398	87	195	210	62	108	106	239
ENSDARG00000108005	0	0	1	0	0	0	0
ENSDARG00000020794	660	801	940	407	490	806	768
ENSDARG00000058774	10	6	17	19	24	31	11
ENSDARG00000106169	0	0	0	0	0	0	0
ENSDARG00000052988	0	0	4	0	10	13	2
ENSDARG00000078022	500	757	880	485	548	654	851
ENSDARG00000105201	7066	10736	10210	3934	6308	7078	11847
ENSDARG00000104961	12	41	54	15	16	24	31
ENSDARG00000102151	0	1	0	1	0	0	0
ENSDARG00000102291	376	681	677	296	391	471	738
ENSDARG00000102557	1	1	2	0	6	1	0
ENSDARG00000098820	444	667	786	362	401	538	660
ENSDARG00000098151	1	1	1	0	0	0	2
ENSDARG00000103914	201	463	464	158	174	215	353
ENSDARG00000100260	29	24	20	17	9	24	18
ENSDARG00000101704	220	474	552	210	234	273	532
ENSDARG00000103852	17	9	14	8	7	21	9
ENSDARG00000101360	18	13	16	3	14	9	11
ENSDARG00000103678	1	4	1	0	1	1	2
ENSDARG00000098216	3	13	12	3	6	4	11
ENSDARG00000099938	18	12	11	5	13	10	20
ENSDARG00000098106	2	2	1	4	10	3	5
ENSDARG00000103964	45	69	47	24	46	28	63
ENSDARG00000101129	9	12	20	8	12	4	13
ENSDARG00000104029	0	0	0	0	0	1	1
ENSDARG00000099858	0	0	0	0	0	0	0
ENSDARG00000100258	0	1	0	0	0	0	0
ENSDARG00000106253	0	0	0	0	0	0	0
ENSDARG00000103575	0	1	0	1	0	0	0
ENSDARG00000104962	18	18	13	11	16	21	25
ENSDARG00000099599	1	2	4	2	4	0	0
ENSDARG00000113188	1	2	4	1	1	2	1
ENSDARG00000116660	2	4	0	0	0	0	0
ENSDARG00000101802	2	3	3	1	1	0	5
ENSDARG00000098965	2	0	1	4	2	2	1
ENSDARG00000098437	12	10	18	2	11	14	10
ENSDARG00000101890	56	52	70	28	35	34	70
ENSDARG00000102105	382	640	680	301	305	396	549
ENSDARG00000102887	290	510	522	281	266	334	432
ENSDARG00000102106	62	63	98	54	64	51	82
ENSDARG00000099839	77	67	73	67	60	94	65
ENSDARG00000101479	115	35	32	5	24	9	29
ENSDARG00000100184	0	0	0	0	0	0	0
ENSDARG00000102129	3	2	3	7	2	6	5
ENSDARG00000116628	0	0	0	1	1	2	0
ENSDARG00000103108	152	206	273	130	127	155	228
ENSDARG00000087612	0	0	0	0	0	0	0
ENSDARG00000090724	14	17	27	10	18	27	18
ENSDARG00000026185	219	389	430	229	238	297	333
ENSDARG00000094243	19	51	52	12	29	18	83
ENSDARG00000078644	2	0	5	7	1	5	2
ENSDARG00000117458	1	5	6	0	2	3	1
ENSDARG00000002231	23	26	39	32	26	32	28
ENSDARG00000067832	46	73	44	52	57	53	69
ENSDARG00000019588	281	651	629	245	310	331	725
ENSDARG00000053326	1005	1414	1535	850	1042	1027	2039
ENSDARG00000115832	34	30	56	25	29	50	44
ENSDARG00000078653	617	1019	1163	555	624	628	1264
ENSDARG00000090903	5	8	22	16	0	18	11
ENSDARG00000102963	94	168	157	82	82	120	150
ENSDARG00000070661	42	104	149	20	35	58	83
ENSDARG00000098702	110	124	131	97	100	108	214
ENSDARG00000090727	180	268	273	121	157	183	333
ENSDARG00000110341	0	2	1	0	1	1	4
ENSDARG00000025372	1	0	1	0	0	0	0
ENSDARG00000039070	1	3	4	5	4	3	1
ENSDARG00000115610	1	1	4	2	0	2	0
ENSDARG00000069056	292	696	634	246	352	352	719
ENSDARG00000080345	0	0	0	0	0	0	0
ENSDARG00000011958	386	680	691	292	319	437	613
ENSDARG00000111796	0	0	0	0	0	0	0
ENSDARG00000103521	12	14	21	13	11	18	11
ENSDARG00000110877	1	3	1	0	0	2	1
ENSDARG00000103518	110	485	377	111	162	145	530
ENSDARG00000099376	118	141	179	135	131	198	168
ENSDARG00000107086	4	6	4	2	2	7	5
ENSDARG00000117230	7	1	3	4	4	7	9
ENSDARG00000112723	2	3	3	9	2	4	9
ENSDARG00000043012	130	402	366	117	148	195	725
ENSDARG00000089428	82	251	219	95	99	167	533
ENSDARG00000117758	149	256	336	136	183	138	463
ENSDARG00000091408	250	447	460	254	275	221	863
ENSDARG00000069029	33	35	81	43	35	53	56
ENSDARG00000013044	496	1048	1071	513	531	587	917
ENSDARG00000052419	1771	3022	3805	1679	1957	2448	3697
ENSDARG00000100070	0	0	0	0	0	0	0
ENSDARG00000104244	503	681	728	435	412	530	766
ENSDARG00000104076	335	703	707	339	351	391	807
ENSDARG00000116404	45	96	106	54	43	72	146
ENSDARG00000001817	111	171	160	113	122	154	208
ENSDARG00000091072	0	0	3	0	8	0	2
ENSDARG00000067920	308	543	669	261	332	407	597
ENSDARG00000019128	27	40	44	22	20	45	35
ENSDARG00000098720	0	0	0	0	0	0	0
ENSDARG00000096249	0	0	0	0	0	0	0
ENSDARG00000040432	0	0	1	0	0	0	0
ENSDARG00000117247	15	14	16	11	17	12	21
ENSDARG00000100700	49	47	68	48	61	58	82
ENSDARG00000102808	451	809	761	316	382	465	776
ENSDARG00000040321	0	1	0	0	0	0	0
ENSDARG00000094889	6	1	0	1	10	26	0
ENSDARG00000059781	1001	1691	1965	821	1075	1038	2416
ENSDARG00000112703	0	0	0	0	0	0	0
ENSDARG00000067848	18	38	98	22	14	30	24
ENSDARG00000076904	5	13	24	5	4	11	4
ENSDARG00000104019	0	0	0	0	0	0	0
ENSDARG00000097617	103	96	189	98	103	147	85
ENSDARG00000067850	3454	5357	7140	3233	3948	4125	5099
ENSDARG00000054666	97	242	324	102	117	100	235
ENSDARG00000016302	977	1876	2144	772	993	1003	2251
ENSDARG00000102532	33	99	89	34	34	45	84
ENSDARG00000041435	1892	3516	3427	1567	1493	2096	3317
ENSDARG00000018619	279	589	650	263	276	369	653
ENSDARG00000113270	1	2	4	3	0	0	3
ENSDARG00000090086	226	533	544	178	218	291	526
ENSDARG00000067872	1	3	8	0	3	2	3
ENSDARG00000093360	2	6	1	0	2	6	8
ENSDARG00000100313	1062	1595	2139	1001	1068	1301	2202
ENSDARG00000076836	1112	1864	1813	1134	1168	1437	1741
ENSDARG00000074274	0	1	0	0	0	1	0
ENSDARG00000052496	86	160	209	94	207	189	251
ENSDARG00000098801	258	350	439	251	323	266	539
ENSDARG00000103262	0	0	0	0	0	0	0
ENSDARG00000106867	0	0	0	0	0	0	0
ENSDARG00000105208	1	1	2	3	0	1	1
ENSDARG00000115552	15	22	29	12	20	7	43
ENSDARG00000100430	1	0	0	0	0	0	0
ENSDARG00000099368	182	252	326	171	200	243	291
ENSDARG00000098943	0	0	0	0	0	0	0
ENSDARG00000103770	59	186	185	37	50	77	259
ENSDARG00000100371	6188	12019	11069	4597	6445	6630	13715
ENSDARG00000104653	214	427	532	208	260	282	547
ENSDARG00000061774	165	358	325	129	163	203	396
ENSDARG00000095921	544	1214	1262	543	502	687	1148
ENSDARG00000005915	267	312	399	199	288	263	448
ENSDARG00000068918	370	566	703	292	279	349	639
ENSDARG00000042215	3	5	5	3	4	2	4
ENSDARG00000091059	6	6	13	6	7	9	14
ENSDARG00000067815	374	581	658	334	372	383	775
ENSDARG00000095024	0	0	1	0	1	1	2
ENSDARG00000021107	305	435	508	235	251	327	429
ENSDARG00000025593	628	574	581	544	489	553	731
ENSDARG00000027547	222	605	521	190	252	328	618
ENSDARG00000038476	214	271	341	209	185	238	261
ENSDARG00000092766	84	192	213	77	89	90	215
ENSDARG00000079930	40	56	71	44	47	47	59
ENSDARG00000074846	43	40	47	44	98	93	62
ENSDARG00000105127	345	760	722	326	372	470	718
ENSDARG00000103148	10	10	14	13	10	13	10
ENSDARG00000104077	167	220	272	182	252	278	377
ENSDARG00000103284	40	111	109	30	48	58	185
ENSDARG00000100199	10	19	19	9	17	16	25
ENSDARG00000099802	194	215	156	200	152	157	222
ENSDARG00000105022	1894	3458	2551	1618	1429	889	4199
ENSDARG00000068417	22	41	37	10	20	23	38
ENSDARG00000117348	3	3	2	2	1	2	1
ENSDARG00000078442	47	93	116	28	37	42	87
ENSDARG00000115862	586	866	828	592	533	688	805
ENSDARG00000115672	0	0	1	0	0	0	0
ENSDARG00000098203	0	3	1	2	2	5	5
ENSDARG00000019917	416	727	807	375	408	517	824
ENSDARG00000116727	36	96	80	44	31	62	142
ENSDARG00000112539	0	0	0	0	0	0	0
ENSDARG00000067817	72	105	101	41	49	61	101
ENSDARG00000110940	356	533	496	218	330	299	1015
ENSDARG00000103672	2904	3310	3654	2161	2485	2951	3249
ENSDARG00000067966	82	109	156	73	71	80	154
ENSDARG00000090544	102	140	223	100	78	88	196
ENSDARG00000042056	204	157	198	180	172	182	287
ENSDARG00000075936	32	104	105	25	56	47	121
ENSDARG00000117373	57	48	45	21	44	32	91
ENSDARG00000089172	54	51	57	39	48	32	72
ENSDARG00000087140	0	0	0	0	0	0	0
ENSDARG00000046074	405	588	809	341	375	505	617
ENSDARG00000081313	0	0	0	0	0	0	0
ENSDARG00000111722	117	263	229	107	115	150	200
ENSDARG00000110978	3	7	4	2	4	5	4
ENSDARG00000093517	0	0	0	0	0	2	0
ENSDARG00000092914	0	0	0	0	0	0	0
ENSDARG00000073735	1	1	3	0	4	2	2
ENSDARG00000095448	7	16	16	9	18	13	15
ENSDARG00000075355	4	1	2	1	0	3	0
ENSDARG00000093203	2	0	0	2	3	2	1
ENSDARG00000095032	4	2	4	0	4	1	1
ENSDARG00000079614	4	2	5	3	8	9	6
ENSDARG00000089388	4	3	2	2	5	4	8
ENSDARG00000087057	1	2	1	3	10	5	4
ENSDARG00000095390	27	2	2	23	5	4	2
ENSDARG00000092875	1	1	0	3	2	2	3
ENSDARG00000092745	2	2	1	2	3	3	0
ENSDARG00000095678	4	1	1	1	1	3	1
ENSDARG00000079030	1	0	0	1	1	1	0
ENSDARG00000100128	313	635	618	277	357	255	1039
